python version : 3.8.3 (default, May 20 2020, 15:48:50)  [GCC 7.4.0]
torch version : 1.5.0
cudnn version : 7605
# ------------------------- Options -------------------------
mode                         : 0   # 0 for debug
description                  : net_1024
device                       : "1"
epochs                       : 40000
gammas                       : [0.1, 0.1, 0.1]
schedule                     : [10000, 20000, 30000]
learning_rate                : 0.001
optimizer                    : Adam
entirety                     : True
model                        : net_1024
# ----------------------- God Save Me -----------------------
save_model                   : True
dampening                    : 0.9
lr_patience                  : 10
momentum                     : 0.9
decay                        : 0.0005
start_epoch                  : 0
print_freq                   : 10
checkpoint                   : 10
n_threads                    : 2
result                       : /root/workspace/code/EDA_GNN-master/result
# --------------------------- End ---------------------------
Epoch: [000/40000]	Time  0.08 ( 0.08)	Loss 14.098 (14.098)	Acc  0.167 ( 0.167)	Acc_pos  1.000 ( 1.000)	
Epoch: [010/40000]	Time  0.28 ( 0.33)	Loss 14.952 (14.974)	Acc  0.077 ( 0.109)	Acc_pos  1.000 ( 1.000)	
Epoch: [020/40000]	Time  0.30 ( 0.23)	Loss 15.463 (14.692)	Acc  0.071 ( 0.106)	Acc_pos  1.000 ( 1.000)	
Epoch: [030/40000]	Time  0.75 ( 0.54)	Loss 16.139 (15.683)	Acc  0.952 ( 0.180)	Acc_pos  0.000 ( 0.903)	
Epoch: [040/40000]	Time  0.24 ( 0.40)	Loss 14.792 (15.307)	Acc  0.917 ( 0.362)	Acc_pos  0.000 ( 0.683)	
Epoch: [050/40000]	Time  0.73 ( 0.38)	Loss 16.139 (15.050)	Acc  0.048 ( 0.422)	Acc_pos  1.000 ( 0.608)	
Epoch: [060/40000]	Time  0.29 ( 0.36)	Loss 14.952 (15.189)	Acc  0.077 ( 0.391)	Acc_pos  1.000 ( 0.639)	
Epoch: [070/40000]	Time  1.05 ( 0.50)	Loss 16.646 (15.467)	Acc  0.040 ( 0.346)	Acc_pos  1.000 ( 0.690)	
Epoch: [080/40000]	Time  0.64 ( 0.40)	Loss 16.401 (15.392)	Acc  0.050 ( 0.313)	Acc_pos  1.000 ( 0.728)	
Epoch: [090/40000]	Time  0.43 ( 0.40)	Loss 15.423 (15.239)	Acc  0.062 ( 0.289)	Acc_pos  1.000 ( 0.758)	
Epoch: [100/40000]	Time  0.16 ( 0.30)	Loss 14.334 (14.913)	Acc  0.111 ( 0.270)	Acc_pos  1.000 ( 0.782)	
Epoch: [110/40000]	Time  0.25 ( 0.49)	Loss 14.792 (15.569)	Acc  0.083 ( 0.252)	Acc_pos  1.000 ( 0.802)	
Epoch: [120/40000]	Time  0.96 ( 0.47)	Loss 16.525 (15.348)	Acc  0.042 ( 0.237)	Acc_pos  1.000 ( 0.818)	
Epoch: [130/40000]	Time  0.05 ( 0.24)	Loss 14.234 (14.861)	Acc  0.167 ( 0.227)	Acc_pos  1.000 ( 0.832)	
Epoch: [140/40000]	Time  0.21 ( 0.32)	Loss 14.633 (15.019)	Acc  0.091 ( 0.217)	Acc_pos  1.000 ( 0.844)	
Epoch: [150/40000]	Time  0.43 ( 0.40)	Loss 15.423 (15.135)	Acc  0.062 ( 0.208)	Acc_pos  1.000 ( 0.854)	
Epoch: [160/40000]	Time  0.68 ( 0.53)	Loss 16.003 (15.685)	Acc  0.050 ( 0.199)	Acc_pos  1.000 ( 0.863)	
Epoch: [170/40000]	Time  0.73 ( 0.49)	Loss 16.139 (15.548)	Acc  0.048 ( 0.192)	Acc_pos  1.000 ( 0.871)	
Epoch: [180/40000]	Time  0.67 ( 0.34)	Loss 16.003 (15.120)	Acc  0.050 ( 0.185)	Acc_pos  1.000 ( 0.878)	
Epoch: [190/40000]	Time  0.74 ( 0.37)	Loss 16.139 (15.155)	Acc  0.048 ( 0.185)	Acc_pos  1.000 ( 0.880)	
Epoch: [200/40000]	Time  0.26 ( 0.43)	Loss 15.292 (15.423)	Acc  0.077 ( 0.188)	Acc_pos  1.000 ( 0.876)	
Epoch: [210/40000]	Time  0.37 ( 0.40)	Loss 15.268 (15.225)	Acc  0.067 ( 0.182)	Acc_pos  1.000 ( 0.882)	
Epoch: [220/40000]	Time  0.61 ( 0.56)	Loss 15.864 (15.596)	Acc  0.053 ( 0.177)	Acc_pos  1.000 ( 0.887)	
Epoch: [230/40000]	Time  1.12 ( 0.50)	Loss 16.765 (15.507)	Acc  0.038 ( 0.173)	Acc_pos  1.000 ( 0.892)	
Epoch: [240/40000]	Time  0.21 ( 0.29)	Loss 14.633 (14.997)	Acc  0.091 ( 0.169)	Acc_pos  1.000 ( 0.896)	
Epoch: [250/40000]	Time  0.28 ( 0.39)	Loss 14.952 (15.197)	Acc  0.077 ( 0.166)	Acc_pos  1.000 ( 0.900)	
Epoch: [260/40000]	Time  0.43 ( 0.49)	Loss 15.423 (15.524)	Acc  0.062 ( 0.162)	Acc_pos  1.000 ( 0.904)	
Epoch: [270/40000]	Time  1.04 ( 0.58)	Loss 16.646 (15.657)	Acc  0.040 ( 0.159)	Acc_pos  1.000 ( 0.908)	
Epoch: [280/40000]	Time  0.17 ( 0.36)	Loss 14.478 (14.969)	Acc  0.100 ( 0.157)	Acc_pos  1.000 ( 0.911)	
Epoch: [290/40000]	Time  0.08 ( 0.43)	Loss 14.121 (15.223)	Acc  0.143 ( 0.155)	Acc_pos  1.000 ( 0.914)	
Epoch: [300/40000]	Time  0.07 ( 0.49)	Loss 14.313 (15.527)	Acc  0.143 ( 0.152)	Acc_pos  1.000 ( 0.917)	
Epoch: [310/40000]	Time  1.04 ( 0.48)	Loss 16.646 (15.331)	Acc  0.040 ( 0.149)	Acc_pos  1.000 ( 0.920)	
Epoch: [320/40000]	Time  0.68 ( 0.53)	Loss 16.003 (15.511)	Acc  0.950 ( 0.170)	Acc_pos  0.000 ( 0.894)	
Epoch: [330/40000]	Time  0.11 ( 0.37)	Loss 14.210 (15.074)	Acc  0.875 ( 0.179)	Acc_pos  0.000 ( 0.885)	
Epoch: [340/40000]	Time  0.95 ( 0.41)	Loss 16.525 (15.256)	Acc  0.958 ( 0.188)	Acc_pos  0.000 ( 0.874)	
Epoch: [350/40000]	Time  0.88 ( 0.35)	Loss 16.399 (15.024)	Acc  0.957 ( 0.201)	Acc_pos  0.000 ( 0.858)	
Epoch: [360/40000]	Time  0.57 ( 0.42)	Loss 16.256 (15.479)	Acc  0.053 ( 0.198)	Acc_pos  1.000 ( 0.861)	
Epoch: [370/40000]	Time  0.34 ( 0.39)	Loss 15.111 (15.299)	Acc  0.071 ( 0.206)	Acc_pos  1.000 ( 0.852)	
Epoch: [380/40000]	Time  0.14 ( 0.48)	Loss 14.334 (15.401)	Acc  0.889 ( 0.209)	Acc_pos  0.000 ( 0.848)	
Epoch: [390/40000]	Time  0.43 ( 0.37)	Loss 15.423 (15.249)	Acc  0.938 ( 0.220)	Acc_pos  0.000 ( 0.834)	
Epoch: [400/40000]	Time  0.20 ( 0.29)	Loss 14.633 (14.938)	Acc  0.909 ( 0.235)	Acc_pos  0.000 ( 0.815)	
Epoch: [410/40000]	Time  0.33 ( 0.45)	Loss 15.111 (15.355)	Acc  0.929 ( 0.240)	Acc_pos  0.000 ( 0.810)	
Epoch: [420/40000]	Time  0.92 ( 0.64)	Loss 16.939 (15.852)	Acc  0.042 ( 0.247)	Acc_pos  1.000 ( 0.800)	
Epoch: [430/40000]	Time  0.12 ( 0.45)	Loss 14.599 (15.406)	Acc  0.889 ( 0.257)	Acc_pos  0.000 ( 0.789)	
Epoch: [440/40000]	Time  0.28 ( 0.45)	Loss 14.952 (15.431)	Acc  0.923 ( 0.268)	Acc_pos  0.000 ( 0.776)	
Epoch: [450/40000]	Time  0.36 ( 0.23)	Loss 15.630 (14.744)	Acc  0.067 ( 0.268)	Acc_pos  1.000 ( 0.776)	
Epoch: [460/40000]	Time  0.82 ( 0.63)	Loss 16.271 (15.821)	Acc  0.955 ( 0.275)	Acc_pos  0.000 ( 0.768)	
Epoch: [470/40000]	Time  0.43 ( 0.47)	Loss 15.423 (15.440)	Acc  0.938 ( 0.287)	Acc_pos  0.000 ( 0.754)	
Epoch: [480/40000]	Time  0.81 ( 0.37)	Loss 16.271 (15.131)	Acc  0.955 ( 0.288)	Acc_pos  0.000 ( 0.753)	
Epoch: [490/40000]	Time  0.96 ( 0.57)	Loss 16.525 (15.675)	Acc  0.958 ( 0.301)	Acc_pos  0.000 ( 0.737)	
Epoch: [500/40000]	Time  0.66 ( 0.55)	Loss 16.003 (15.667)	Acc  0.950 ( 0.314)	Acc_pos  0.000 ( 0.723)	
Epoch: [510/40000]	Time  1.06 ( 0.48)	Loss 17.186 (15.544)	Acc  0.962 ( 0.326)	Acc_pos  0.000 ( 0.708)	
Epoch: [520/40000]	Time  0.08 ( 0.27)	Loss 14.121 (14.779)	Acc  0.857 ( 0.337)	Acc_pos  0.000 ( 0.695)	
Epoch: [530/40000]	Time  0.20 ( 0.52)	Loss 14.927 (15.670)	Acc  0.917 ( 0.348)	Acc_pos  0.000 ( 0.682)	
Epoch: [540/40000]	Time  0.08 ( 0.54)	Loss 14.121 (15.552)	Acc  0.857 ( 0.358)	Acc_pos  0.000 ( 0.669)	
Epoch: [550/40000]	Time  0.43 ( 0.38)	Loss 15.423 (15.199)	Acc  0.938 ( 0.369)	Acc_pos  0.000 ( 0.657)	
Epoch: [560/40000]	Time  0.17 ( 0.27)	Loss 14.478 (14.926)	Acc  0.900 ( 0.378)	Acc_pos  0.000 ( 0.645)	
Epoch: [570/40000]	Time  0.33 ( 0.33)	Loss 15.111 (15.044)	Acc  0.929 ( 0.387)	Acc_pos  0.000 ( 0.634)	
Epoch: [580/40000]	Time  0.43 ( 0.48)	Loss 15.423 (15.452)	Acc  0.938 ( 0.397)	Acc_pos  0.000 ( 0.623)	
Epoch: [590/40000]	Time  0.17 ( 0.35)	Loss 14.478 (15.213)	Acc  0.900 ( 0.405)	Acc_pos  0.000 ( 0.613)	
Epoch: [600/40000]	Time  0.20 ( 0.50)	Loss 14.633 (15.586)	Acc  0.909 ( 0.414)	Acc_pos  0.000 ( 0.602)	
Epoch: [610/40000]	Time  0.37 ( 0.38)	Loss 15.268 (15.156)	Acc  0.933 ( 0.422)	Acc_pos  0.000 ( 0.592)	
Epoch: [620/40000]	Time  0.11 ( 0.30)	Loss 14.210 (14.938)	Acc  0.875 ( 0.430)	Acc_pos  0.000 ( 0.583)	
Epoch: [630/40000]	Time  0.14 ( 0.37)	Loss 14.334 (15.195)	Acc  0.889 ( 0.437)	Acc_pos  0.000 ( 0.574)	
Epoch: [640/40000]	Time  0.14 ( 0.53)	Loss 14.334 (15.637)	Acc  0.889 ( 0.445)	Acc_pos  0.000 ( 0.565)	
Epoch: [650/40000]	Time  0.80 ( 0.38)	Loss 16.678 (15.214)	Acc  0.955 ( 0.452)	Acc_pos  0.000 ( 0.556)	
Epoch: [660/40000]	Time  0.74 ( 0.36)	Loss 16.139 (15.044)	Acc  0.952 ( 0.459)	Acc_pos  0.000 ( 0.548)	
Epoch: [670/40000]	Time  0.24 ( 0.29)	Loss 14.792 (14.822)	Acc  0.917 ( 0.465)	Acc_pos  0.000 ( 0.539)	
Epoch: [680/40000]	Time  0.07 ( 0.22)	Loss 14.313 (14.894)	Acc  0.857 ( 0.472)	Acc_pos  0.000 ( 0.532)	
Epoch: [690/40000]	Time  0.73 ( 0.31)	Loss 16.139 (14.960)	Acc  0.952 ( 0.478)	Acc_pos  0.000 ( 0.524)	
Epoch: [700/40000]	Time  0.74 ( 0.52)	Loss 16.139 (15.594)	Acc  0.952 ( 0.484)	Acc_pos  0.000 ( 0.516)	
Epoch: [710/40000]	Time  0.54 ( 0.35)	Loss 15.720 (15.146)	Acc  0.944 ( 0.490)	Acc_pos  0.000 ( 0.509)	
Epoch: [720/40000]	Time  0.99 ( 0.46)	Loss 17.065 (15.676)	Acc  0.960 ( 0.497)	Acc_pos  0.000 ( 0.502)	
Epoch: [730/40000]	Time  0.24 ( 0.49)	Loss 14.792 (15.636)	Acc  0.917 ( 0.503)	Acc_pos  0.000 ( 0.495)	
Epoch: [740/40000]	Time  0.20 ( 0.28)	Loss 14.633 (14.910)	Acc  0.909 ( 0.508)	Acc_pos  0.000 ( 0.489)	
Epoch: [750/40000]	Time  0.24 ( 0.37)	Loss 14.792 (15.135)	Acc  0.917 ( 0.513)	Acc_pos  0.000 ( 0.482)	
Epoch: [760/40000]	Time  1.01 ( 0.30)	Loss 16.646 (14.899)	Acc  0.960 ( 0.518)	Acc_pos  0.000 ( 0.476)	
Epoch: [770/40000]	Time  0.93 ( 0.38)	Loss 16.525 (15.261)	Acc  0.958 ( 0.523)	Acc_pos  0.000 ( 0.470)	
Epoch: [780/40000]	Time  0.23 ( 0.53)	Loss 15.118 (15.606)	Acc  0.923 ( 0.528)	Acc_pos  0.000 ( 0.464)	
Epoch: [790/40000]	Time  0.04 ( 0.47)	Loss 14.201 (15.552)	Acc  0.800 ( 0.533)	Acc_pos  0.000 ( 0.458)	
Epoch: [800/40000]	Time  0.11 ( 0.41)	Loss 14.210 (15.220)	Acc  0.875 ( 0.538)	Acc_pos  0.000 ( 0.452)	
Epoch: [810/40000]	Time  0.92 ( 0.45)	Loss 16.525 (15.344)	Acc  0.958 ( 0.543)	Acc_pos  0.000 ( 0.446)	
Epoch: [820/40000]	Time  0.04 ( 0.29)	Loss 14.201 (14.963)	Acc  0.800 ( 0.547)	Acc_pos  0.000 ( 0.441)	
Epoch: [830/40000]	Time  0.36 ( 0.39)	Loss 15.268 (15.230)	Acc  0.933 ( 0.552)	Acc_pos  0.000 ( 0.436)	
Epoch: [840/40000]	Time  0.23 ( 0.33)	Loss 14.792 (15.187)	Acc  0.917 ( 0.556)	Acc_pos  0.000 ( 0.430)	
Epoch: [850/40000]	Time  0.58 ( 0.59)	Loss 15.864 (15.861)	Acc  0.947 ( 0.560)	Acc_pos  0.000 ( 0.425)	
Epoch: [860/40000]	Time  0.11 ( 0.62)	Loss 14.210 (15.768)	Acc  0.875 ( 0.565)	Acc_pos  0.000 ( 0.420)	
Epoch: [870/40000]	Time  0.12 ( 0.28)	Loss 14.752 (15.072)	Acc  0.903 ( 0.569)	Acc_pos  0.000 ( 0.416)	
Epoch: [880/40000]	Time  0.87 ( 0.54)	Loss 16.400 (15.675)	Acc  0.957 ( 0.573)	Acc_pos  0.000 ( 0.411)	
Epoch: [890/40000]	Time  0.58 ( 0.37)	Loss 15.864 (15.184)	Acc  0.947 ( 0.577)	Acc_pos  0.000 ( 0.406)	
Epoch: [900/40000]	Time  0.71 ( 0.52)	Loss 16.139 (15.593)	Acc  0.952 ( 0.580)	Acc_pos  0.000 ( 0.402)	
Epoch: [910/40000]	Time  0.13 ( 0.30)	Loss 14.334 (14.957)	Acc  0.889 ( 0.584)	Acc_pos  0.000 ( 0.397)	
Epoch: [920/40000]	Time  0.41 ( 0.30)	Loss 15.423 (14.935)	Acc  0.938 ( 0.588)	Acc_pos  0.000 ( 0.393)	
Epoch: [930/40000]	Time  0.61 ( 0.34)	Loss 16.401 (15.209)	Acc  0.950 ( 0.591)	Acc_pos  0.000 ( 0.389)	
Epoch: [940/40000]	Time  0.13 ( 0.24)	Loss 14.334 (14.725)	Acc  0.889 ( 0.594)	Acc_pos  0.000 ( 0.385)	
Epoch: [950/40000]	Time  0.52 ( 0.44)	Loss 15.720 (15.489)	Acc  0.944 ( 0.598)	Acc_pos  0.000 ( 0.381)	
Epoch: [960/40000]	Time  1.05 ( 0.58)	Loss 17.186 (15.730)	Acc  0.962 ( 0.601)	Acc_pos  0.000 ( 0.377)	
Epoch: [970/40000]	Time  0.78 ( 0.33)	Loss 16.271 (15.044)	Acc  0.955 ( 0.604)	Acc_pos  0.000 ( 0.373)	
Epoch: [980/40000]	Time  0.20 ( 0.41)	Loss 14.633 (15.175)	Acc  0.909 ( 0.608)	Acc_pos  0.000 ( 0.369)	
Epoch: [990/40000]	Time  0.72 ( 0.57)	Loss 16.139 (15.778)	Acc  0.952 ( 0.611)	Acc_pos  0.000 ( 0.365)	
Epoch: [1000/40000]	Time  0.65 ( 0.35)	Loss 16.003 (15.171)	Acc  0.950 ( 0.614)	Acc_pos  0.000 ( 0.362)	
Epoch: [1010/40000]	Time  0.36 ( 0.38)	Loss 15.268 (15.375)	Acc  0.933 ( 0.617)	Acc_pos  0.000 ( 0.358)	
Epoch: [1020/40000]	Time  0.42 ( 0.46)	Loss 15.423 (15.502)	Acc  0.938 ( 0.620)	Acc_pos  0.000 ( 0.355)	
Epoch: [1030/40000]	Time  0.79 ( 0.55)	Loss 16.271 (15.775)	Acc  0.955 ( 0.623)	Acc_pos  0.000 ( 0.351)	
Epoch: [1040/40000]	Time  0.42 ( 0.57)	Loss 15.423 (15.776)	Acc  0.938 ( 0.626)	Acc_pos  0.000 ( 0.348)	
Epoch: [1050/40000]	Time  0.53 ( 0.49)	Loss 15.720 (15.708)	Acc  0.944 ( 0.629)	Acc_pos  0.000 ( 0.344)	
Epoch: [1060/40000]	Time  0.18 ( 0.47)	Loss 14.942 (15.501)	Acc  0.909 ( 0.632)	Acc_pos  0.000 ( 0.341)	
Epoch: [1070/40000]	Time  0.24 ( 0.33)	Loss 14.792 (14.976)	Acc  0.917 ( 0.634)	Acc_pos  0.000 ( 0.338)	
Epoch: [1080/40000]	Time  0.15 ( 0.50)	Loss 14.768 (15.575)	Acc  0.900 ( 0.637)	Acc_pos  0.000 ( 0.335)	
Epoch: [1090/40000]	Time  0.42 ( 0.44)	Loss 15.423 (15.415)	Acc  0.938 ( 0.640)	Acc_pos  0.000 ( 0.332)	
Epoch: [1100/40000]	Time  0.71 ( 0.43)	Loss 16.139 (15.294)	Acc  0.952 ( 0.642)	Acc_pos  0.000 ( 0.329)	
Epoch: [1110/40000]	Time  0.08 ( 0.51)	Loss 14.121 (15.746)	Acc  0.857 ( 0.645)	Acc_pos  0.000 ( 0.326)	
Epoch: [1120/40000]	Time  0.80 ( 0.32)	Loss 16.271 (15.007)	Acc  0.955 ( 0.647)	Acc_pos  0.000 ( 0.323)	
